D:\TEMP\ILYIN\ILYINLR7\ILYINLR7\DEBUG\ILYINLR7.PCH
D:\TEMP\ILYIN\ILYINLR7\ILYINLR7\DEBUG\STDAFX.OBJ
D:\TEMP\ILYIN\ILYINLR7\ILYINLR7\DEBUG\VC110.PDB
D:\TEMP\ILYIN\ILYINLR7\ILYINLR7\DEBUG\ILYINLR7.OBJ
D:\TEMP\ILYIN\ILYINLR7\DEBUG\ILYINLR7.ILK
D:\TEMP\ILYIN\ILYINLR7\DEBUG\ILYINLR7.EXE
D:\TEMP\ILYIN\ILYINLR7\DEBUG\ILYINLR7.PDB
D:\TEMP\ilyin\ilyinLR7\ilyinLR7\Debug\ilyinLR7.obj
D:\TEMP\ilyin\ilyinLR7\ilyinLR7\Debug\stdafx.obj
D:\TEMP\ilyin\ilyinLR7\ilyinLR7\Debug\cl.command.1.tlog
D:\TEMP\ilyin\ilyinLR7\ilyinLR7\Debug\CL.read.1.tlog
D:\TEMP\ilyin\ilyinLR7\ilyinLR7\Debug\CL.write.1.tlog
D:\TEMP\ilyin\ilyinLR7\ilyinLR7\Debug\link-cvtres.read.1.tlog
D:\TEMP\ilyin\ilyinLR7\ilyinLR7\Debug\link-cvtres.write.1.tlog
D:\TEMP\ilyin\ilyinLR7\ilyinLR7\Debug\link-rc.read.1.tlog
D:\TEMP\ilyin\ilyinLR7\ilyinLR7\Debug\link-rc.write.1.tlog
D:\TEMP\ilyin\ilyinLR7\ilyinLR7\Debug\link.command.1.tlog
D:\TEMP\ilyin\ilyinLR7\ilyinLR7\Debug\link.read.1.tlog
D:\TEMP\ilyin\ilyinLR7\ilyinLR7\Debug\link.write.1.tlog
D:\TEMP\ilyin\ilyinLR7\ilyinLR7\Debug\ilyinLR7.pch
D:\TEMP\ilyin\ilyinLR7\ilyinLR7\Debug\vc110.idb
D:\TEMP\ilyin\ilyinLR7\ilyinLR7\Debug\vc110.pdb
D:\TEMP\ilyin\ilyinLR7\Debug\ilyinLR7.pdb
D:\TEMP\ilyin\ilyinLR7\Debug\ilyinLR7.exe
D:\TEMP\ilyin\ilyinLR7\Debug\ilyinLR7.ilk
